<?xml version="1.0" encoding="UTF-8"?>
<robot generator="Robot 7.3.2 (Python 3.13.7 on win32)" generated="2026-04-25T16:45:04.654735" rpa="false" schemaversion="5">
<suite id="s1" name="Deep Parsing With Json Library Test" source="C:\Users\User\RobotAutomationFramework\tests\deep_parsing_with_json_library_test.robot">
<test id="s1-t1" name="Parse Complex JSON With JSONPath" line="5">
<kw name="Set Variable" owner="BuiltIn">
<msg time="2026-04-25T16:45:06.668932" level="INFO">${json_string} = {"user": {"id": 101, "details": {"name": "John Doe", "roles": ["admin", "editor"]}}}</msg>
<var>${json_string}</var>
<arg>{"user": {"id": 101, "details": {"name": "John Doe", "roles": ["admin", "editor"]}}}</arg>
<doc>Returns the given values which can then be assigned to a variables.</doc>
<status status="PASS" start="2026-04-25T16:45:06.667996" elapsed="0.001298"/>
</kw>
<kw name="Convert String To Json" owner="JSONLibrary">
<msg time="2026-04-25T16:45:06.670647" level="INFO">${json_obj} = {'user': {'id': 101, 'details': {'name': 'John Doe', 'roles': ['admin', 'editor']}}}</msg>
<var>${json_obj}</var>
<arg>${json_string}</arg>
<doc>Convert String to JSON object</doc>
<status status="PASS" start="2026-04-25T16:45:06.670087" elapsed="0.000661"/>
</kw>
<kw name="Get Value From Json" owner="JSONLibrary">
<msg time="2026-04-25T16:45:06.928717" level="INFO">${names} = ['John Doe']</msg>
<var>${names}</var>
<arg>${json_obj}</arg>
<arg>$.user.details.name</arg>
<doc>Get Value From JSON using JSONPath</doc>
<status status="PASS" start="2026-04-25T16:45:06.671371" elapsed="0.257426"/>
</kw>
<kw name="Log To Console" owner="BuiltIn">
<arg>Extracted Name: ${names[0]}</arg>
<doc>Logs the given message to the console.</doc>
<status status="PASS" start="2026-04-25T16:45:06.940196" elapsed="0.001530"/>
</kw>
<kw name="Get Value From Json" owner="JSONLibrary">
<msg time="2026-04-25T16:45:06.986876" level="INFO">${first_role} = ['admin']</msg>
<var>${first_role}</var>
<arg>${json_obj}</arg>
<arg>$.user.details.roles[0]</arg>
<doc>Get Value From JSON using JSONPath</doc>
<status status="PASS" start="2026-04-25T16:45:06.943451" elapsed="0.043485"/>
</kw>
<kw name="Should Be Equal" owner="BuiltIn">
<arg>${first_role[0]}</arg>
<arg>admin</arg>
<doc>Fails if the given objects are unequal.</doc>
<status status="PASS" start="2026-04-25T16:45:06.987422" elapsed="0.000743"/>
</kw>
<status status="PASS" start="2026-04-25T16:45:06.663338" elapsed="0.325191"/>
</test>
<status status="PASS" start="2026-04-25T16:45:04.663879" elapsed="2.327223"/>
</suite>
<statistics>
<total>
<stat pass="1" fail="0" skip="0">All Tests</stat>
</total>
<tag>
</tag>
<suite>
<stat name="Deep Parsing With Json Library Test" id="s1" pass="1" fail="0" skip="0">Deep Parsing With Json Library Test</stat>
</suite>
</statistics>
<errors>
</errors>
</robot>
